<?xml version="1.0" encoding="UTF-8"?>
<testng-results ignored="0" total="1" passed="1" failed="0" skipped="0">
  <reporter-output>
  </reporter-output>
  <suite started-at="2025-08-26T12:02:52 IST" name="Default suite" finished-at="2025-08-26T12:02:57 IST" duration-ms="4525">
    <groups>
    </groups>
    <test started-at="2025-08-26T12:02:52 IST" name="Default test" finished-at="2025-08-26T12:02:57 IST" duration-ms="4525">
      <class name="excel.Excelintegration">
        <test-method signature="add()[pri:0, instance:excel.Excelintegration@79e2c065]" started-at="2025-08-26T12:02:52 IST" name="add" finished-at="2025-08-26T12:02:57 IST" duration-ms="4467" status="PASS">
          <reporter-output>
          </reporter-output>
        </test-method> <!-- add -->
      </class> <!-- excel.Excelintegration -->
    </test> <!-- Default test -->
  </suite> <!-- Default suite -->
</testng-results>
