<?xml version="1.0" encoding="UTF-8"?>
<testng-results ignored="0" total="1" passed="1" failed="0" skipped="0">
  <reporter-output>
  </reporter-output>
  <suite started-at="2025-08-25T19:28:58 IST" name="Default suite" finished-at="2025-08-25T19:29:00 IST" duration-ms="2001">
    <groups>
    </groups>
    <test started-at="2025-08-25T19:28:58 IST" name="Default test" finished-at="2025-08-25T19:29:00 IST" duration-ms="2001">
      <class name="excel.AddBookAPi">
        <test-method signature="addBook()[pri:0, instance:excel.AddBookAPi@36bc55de]" started-at="2025-08-25T19:28:58 IST" name="addBook" finished-at="2025-08-25T19:29:00 IST" duration-ms="1956" status="PASS">
          <reporter-output>
          </reporter-output>
        </test-method> <!-- addBook -->
      </class> <!-- excel.AddBookAPi -->
    </test> <!-- Default test -->
  </suite> <!-- Default suite -->
</testng-results>
